[2020-10-08T18:39:51.143485+02:00] my_logger.WARNING: Logging from hello route [] []
[2020-10-08T18:41:18.558924+02:00] my_logger.WARNING: Logging from hello route [] []
[2020-10-08T18:41:28.339829+02:00] my_logger.WARNING: Logging from hello route [] []
[2020-10-08T18:42:16.115917+02:00] my_logger.WARNING: Logging from hello route [] []
[2020-10-08T18:42:17.011478+02:00] my_logger.WARNING: Logging from hello route [] []
[2020-10-08T18:42:17.359527+02:00] my_logger.WARNING: Logging from hello route [] []
[2020-10-08T18:43:50.106033+02:00] my_logger.WARNING: Logging from hello route [] []
[2020-10-08T18:44:15.500688+02:00] my_logger.WARNING: Logging from hello route [] []
[2020-10-08T18:44:35.355278+02:00] my_logger.WARNING: Logging from hello route [] []
[2020-10-08T18:44:35.355441+02:00] my_logger.WARNING:  [] []
[2020-10-08T18:44:51.250784+02:00] my_logger.WARNING: Logging from hello route [] []
[2020-10-08T18:44:51.250932+02:00] my_logger.WARNING:  [] []
[2020-10-08T18:45:09.218733+02:00] my_logger.WARNING: Logging from hello route [] []
[2020-10-08T18:47:49.202718+02:00] my_logger.WARNING: Logging from hello route [] []
[2020-10-08T18:48:12.001438+02:00] my_logger.WARNING: Logging from hello route [] []
[2020-10-08T18:48:12.002350+02:00] my_logger.WARNING: {} [] []
[2020-10-08T19:04:23.113836+02:00] my_logger.WARNING: The api got pinged! [] []
[2020-10-08T19:05:24.432301+02:00] my_logger.WARNING: The api got pinged! [] []
[2020-10-08T19:07:09.399479+02:00] my_logger.WARNING: The api got pinged! [] []
[2020-10-08T19:08:16.997896+02:00] my_logger.WARNING: The api got pinged! [] []
[2020-10-08T19:09:33.668495+02:00] my_logger.WARNING: The api got pinged! [] []
[2020-10-08T19:09:42.652146+02:00] my_logger.WARNING: The api got pinged! [] []
[2020-10-08T19:10:10.447235+02:00] my_logger.WARNING: The api got pinged! [] []
[2020-10-08T19:38:10.549004+02:00] my_logger.WARNING: The api got pinged! [] []
[2020-10-08T20:09:13.962581+02:00] my_logger.WARNING: The api got pinged! [] []
[2020-10-08T23:44:30.710573+02:00] event_logger.WARNING: {} [] []
[2020-10-08T23:44:55.517592+02:00] event_logger.WARNING: {} [] []
[2020-10-11T12:52:01.310482+02:00] event_logger.WARNING: The api got pinged! [] []
